<?xml version="1.0" encoding="UTF-8"?>
<testsuite name="com.microsoft.azure.search.test.TestAzureSearch" tests="2" skipped="0" failures="0" errors="0" timestamp="2016-10-31T02:27:43" hostname="macbook-air-chris.local" time="0.16">
  <properties/>
  <testcase name="testSearchAllFeatures" classname="com.microsoft.azure.search.test.TestAzureSearch" time="0.128"/>
  <testcase name="testSearchSimple" classname="com.microsoft.azure.search.test.TestAzureSearch" time="0.031"/>
  <system-out><![CDATA[]]></system-out>
  <system-err><![CDATA[okt 31, 2016 3:27:43 AM com.microsoft.azure.search.test.TestAzureSearch testSearchAllFeatures
INFO: 

testSearchAllFeatures


okt 31, 2016 3:27:43 AM com.microsoft.azure.search.test.TestAzureSearch testSearchAllFeatures
INFO: Found 2 hits, coverage: 100
okt 31, 2016 3:27:43 AM com.microsoft.azure.search.test.TestAzureSearch lambda$testSearchAllFeatures$2
INFO: id 3, name: second second name, score: 0,262 
okt 31, 2016 3:27:43 AM com.microsoft.azure.search.test.TestAzureSearch testSearchAllFeatures
INFO: List Facets
okt 31, 2016 3:27:43 AM com.microsoft.azure.search.test.TestAzureSearch lambda$testSearchAllFeatures$3
INFO: Field : 
okt 31, 2016 3:27:43 AM com.microsoft.azure.search.test.TestAzureSearch lambda$testSearchAllFeatures$4
INFO: 2016-10-31T02:27:42Z: 2 
okt 31, 2016 3:27:43 AM com.microsoft.azure.search.test.TestAzureSearch lambda$testSearchAllFeatures$3
INFO: Field : 
okt 31, 2016 3:27:43 AM com.microsoft.azure.search.test.TestAzureSearch lambda$testSearchAllFeatures$4
INFO: min-11: 0 
okt 31, 2016 3:27:43 AM com.microsoft.azure.search.test.TestAzureSearch lambda$testSearchAllFeatures$4
INFO: 11-13: 2 
okt 31, 2016 3:27:43 AM com.microsoft.azure.search.test.TestAzureSearch lambda$testSearchAllFeatures$4
INFO: 13-max: 0 
okt 31, 2016 3:27:43 AM com.microsoft.azure.search.test.TestAzureSearch lambda$testSearchAllFeatures$3
INFO: Field : 
okt 31, 2016 3:27:43 AM com.microsoft.azure.search.test.TestAzureSearch lambda$testSearchAllFeatures$4
INFO: aaa: 2 
okt 31, 2016 3:27:43 AM com.microsoft.azure.search.test.TestAzureSearch lambda$testSearchAllFeatures$4
INFO: ccc: 1 
okt 31, 2016 3:27:43 AM com.microsoft.azure.search.test.TestAzureSearch lambda$testSearchAllFeatures$4
INFO: eee: 1 
okt 31, 2016 3:27:43 AM com.microsoft.azure.search.test.TestAzureSearch testSearchSimple
INFO: 

testSearchSimple


okt 31, 2016 3:27:43 AM com.microsoft.azure.search.test.TestAzureSearch testSearchSimple
INFO: Found 4 hits
okt 31, 2016 3:27:43 AM com.microsoft.azure.search.test.TestAzureSearch lambda$testSearchSimple$1
INFO: Id: 4 name third name, score 0,192
okt 31, 2016 3:27:43 AM com.microsoft.azure.search.test.TestAzureSearch lambda$testSearchSimple$1
INFO: Id: 1 name first name, score 0,192
okt 31, 2016 3:27:43 AM com.microsoft.azure.search.test.TestAzureSearch lambda$testSearchSimple$1
INFO: Id: 2 name second name, score 0,192
okt 31, 2016 3:27:43 AM com.microsoft.azure.search.test.TestAzureSearch lambda$testSearchSimple$1
INFO: Id: 3 name second second name, score 0,153
]]></system-err>
</testsuite>
